<?xml version="1.0" encoding="UTF-8"?>
<!-- Generated by org.testng.reporters.JUnitXMLReporter -->
<testsuite ignored="1" hostname="DESKTOP-KDHLI5B" failures="0" tests="2" name="Car Loan" time="0.016" errors="0" timestamp="2020-06-07T17:12:31 EDT">
  <testcase classname="Test.day3" name="MobileWebloginCarLoan" time="0.002"/>
  <testcase classname="Test.day3" name="MobileloginCarLoan" time="0.003"/>
  <testcase classname="Test.day3" name="APICarloan" time="0.0">
    <ignored/>
  </testcase> <!-- APICarloan -->
</testsuite> <!-- Car Loan -->
