<?xml version="1.0" encoding="UTF-8"?>
<!-- Generated by org.testng.reporters.JUnitXMLReporter -->
<testsuite ignored="10" hostname="DESKTOP-KDHLI5B" failures="0" tests="4" name="Personal loan" time="0.08" errors="0" timestamp="2020-06-07T17:12:31 EDT">
  <testcase classname="Test.day2" name="ploan" time="0.007"/>
  <testcase classname="Test.day4" name="LoginAPICarloan" time="0.003"/>
  <testcase classname="Test.day4" name="MobileloginCarLoan" time="0.003"/>
  <testcase classname="Test.day4" name="WebloginHomeLoan" time="0.002"/>
  <testcase classname="Test.Annotations" name="@BeforeTest prerequisite" time="0.0">
    <ignored/>
  </testcase> <!-- @BeforeTest prerequisite -->
  <testcase classname="Test.Annotations" name="@BeforeTest prerequisite" time="0.0">
    <ignored/>
  </testcase> <!-- @BeforeTest prerequisite -->
  <testcase classname="Test.Annotations" name="@AfterSuite AftSuite" time="0.0">
    <ignored/>
  </testcase> <!-- @AfterSuite AftSuite -->
  <testcase classname="Test.Annotations" name="@AfterSuite AftSuite" time="0.0">
    <ignored/>
  </testcase> <!-- @AfterSuite AftSuite -->
  <testcase classname="Test.Annotations" name="@BeforeSuite BefSuite" time="0.0">
    <ignored/>
  </testcase> <!-- @BeforeSuite BefSuite -->
  <testcase classname="Test.Annotations" name="@BeforeSuite BefSuite" time="0.0">
    <ignored/>
  </testcase> <!-- @BeforeSuite BefSuite -->
  <testcase classname="Test.Annotations" name="@AfterTest lastexecution" time="0.0">
    <ignored/>
  </testcase> <!-- @AfterTest lastexecution -->
  <testcase classname="Test.Annotations" name="@AfterTest lastexecution" time="0.0">
    <ignored/>
  </testcase> <!-- @AfterTest lastexecution -->
  <testcase classname="Test.day1" name="demo" time="0.0">
    <ignored/>
  </testcase> <!-- demo -->
  <testcase classname="Test.day1" name="demo2" time="0.0">
    <ignored/>
  </testcase> <!-- demo2 -->
</testsuite> <!-- Personal loan -->
