<?xml version="1.0" encoding="UTF-8"?>
<!-- Generated by org.testng.reporters.JUnitXMLReporter -->
<testsuite ignored="6" hostname="DESKTOP-KDHLI5B" failures="0" tests="3" name="Regression" time="0.063" errors="0" timestamp="2020-06-07T18:32:10 EDT">
  <testcase classname="Test.day2" name="ploan" time="0.008"/>
  <testcase classname="Test.day4" name="MobileloginCarLoan" time="0.003"/>
  <testcase classname="Test.day3" name="MobileloginCarLoan" time="0.002"/>
  <testcase classname="Test.day3" name="MobilesignincarLoan" time="0.0">
    <ignored/>
  </testcase> <!-- MobilesignincarLoan -->
  <testcase classname="Test.day3" name="MobileWebloginCarLoan" time="0.0">
    <ignored/>
  </testcase> <!-- MobileWebloginCarLoan -->
  <testcase classname="Test.day1" name="demo" time="0.0">
    <ignored/>
  </testcase> <!-- demo -->
  <testcase classname="Test.day1" name="demo2" time="0.0">
    <ignored/>
  </testcase> <!-- demo2 -->
  <testcase classname="Test.day4" name="LoginAPICarloan" time="0.0">
    <ignored/>
  </testcase> <!-- LoginAPICarloan -->
  <testcase classname="Test.day4" name="WebloginHomeLoan" time="0.0">
    <ignored/>
  </testcase> <!-- WebloginHomeLoan -->
</testsuite> <!-- Regression -->
