<?xml version="1.0" encoding="UTF-8"?>
<testng-results ignored="0" total="2" passed="2" failed="0" skipped="0">
  <reporter-output>
  </reporter-output>
  <suite started-at="2020-06-15T13:02:31 EDT" name="Default suite" finished-at="2020-06-15T13:02:31 EDT" duration-ms="62">
    <groups>
    </groups>
    <test started-at="2020-06-15T13:02:31 EDT" name="Default test" finished-at="2020-06-15T13:02:31 EDT" duration-ms="62">
      <class name="project.mavenProject.ReestAPITest">
        <test-method signature="deleteTwitter()[pri:0, instance:project.mavenProject.ReestAPITest@418e7838]" started-at="2020-06-15T13:02:31 EDT" name="deleteTwitter" finished-at="2020-06-15T13:02:31 EDT" duration-ms="10" status="PASS">
          <reporter-output>
          </reporter-output>
        </test-method> <!-- deleteTwitter -->
        <test-method signature="postJira()[pri:0, instance:project.mavenProject.ReestAPITest@418e7838]" started-at="2020-06-15T13:02:31 EDT" name="postJira" finished-at="2020-06-15T13:02:31 EDT" duration-ms="2" status="PASS">
          <reporter-output>
          </reporter-output>
        </test-method> <!-- postJira -->
      </class> <!-- project.mavenProject.ReestAPITest -->
    </test> <!-- Default test -->
  </suite> <!-- Default suite -->
</testng-results>
